<?xml version="1.0" encoding="UTF-8"?>
<coverage generated="1752839099446" clover="3.2.0">
  <project timestamp="1752839099446" name="All files">
    <metrics statements="92" coveredstatements="68" conditionals="90" coveredconditionals="57" methods="7" coveredmethods="6" elements="189" coveredelements="131" complexity="0" loc="92" ncloc="92" packages="1" files="1" classes="1"/>
    <file name="index.js" path="/Users/rashwan2213/Weather/index.js">
      <metrics statements="92" coveredstatements="68" conditionals="90" coveredconditionals="57" methods="7" coveredmethods="6"/>
      <line num="2" count="14" type="cond" truecount="8" falsecount="0"/>
      <line num="4" count="2" type="stmt"/>
      <line num="6" count="1" type="stmt"/>
      <line num="8" count="1" type="stmt"/>
      <line num="10" count="1" type="stmt"/>
      <line num="12" count="1" type="stmt"/>
      <line num="14" count="3" type="stmt"/>
      <line num="16" count="1" type="stmt"/>
      <line num="18" count="4" type="stmt"/>
      <line num="23" count="4" type="stmt"/>
      <line num="24" count="4" type="stmt"/>
      <line num="25" count="4" type="stmt"/>
      <line num="26" count="3" type="cond" truecount="2" falsecount="0"/>
      <line num="27" count="1" type="stmt"/>
      <line num="29" count="2" type="stmt"/>
      <line num="33" count="4" type="cond" truecount="1" falsecount="1"/>
      <line num="34" count="4" type="stmt"/>
      <line num="35" count="4" type="stmt"/>
      <line num="36" count="4" type="stmt"/>
      <line num="37" count="4" type="stmt"/>
      <line num="38" count="4" type="stmt"/>
      <line num="39" count="4" type="stmt"/>
      <line num="43" count="7" type="cond" truecount="7" falsecount="0"/>
      <line num="44" count="3" type="cond" truecount="2" falsecount="0"/>
      <line num="45" count="3" type="stmt"/>
      <line num="47" count="4" type="stmt"/>
      <line num="48" count="4" type="stmt"/>
      <line num="49" count="4" type="stmt"/>
      <line num="50" count="4" type="stmt"/>
      <line num="51" count="4" type="stmt"/>
      <line num="52" count="4" type="stmt"/>
      <line num="54" count="4" type="stmt"/>
      <line num="55" count="4" type="stmt"/>
      <line num="56" count="4" type="stmt"/>
      <line num="57" count="4" type="stmt"/>
      <line num="59" count="4" type="cond" truecount="2" falsecount="0"/>
      <line num="60" count="3" type="stmt"/>
      <line num="61" count="3" type="stmt"/>
      <line num="62" count="3" type="stmt"/>
      <line num="63" count="3" type="stmt"/>
      <line num="66" count="4" type="cond" truecount="4" falsecount="0"/>
      <line num="67" count="3" type="stmt"/>
      <line num="68" count="3" type="stmt"/>
      <line num="69" count="3" type="stmt"/>
      <line num="70" count="3" type="stmt"/>
      <line num="72" count="3" type="stmt"/>
      <line num="73" count="3" type="stmt"/>
      <line num="74" count="3" type="stmt"/>
      <line num="77" count="4" type="cond" truecount="4" falsecount="0"/>
      <line num="78" count="3" type="stmt"/>
      <line num="83" count="3" type="stmt"/>
      <line num="84" count="3" type="stmt"/>
      <line num="85" count="3" type="cond" truecount="2" falsecount="2"/>
      <line num="86" count="0" type="stmt"/>
      <line num="88" count="0" type="cond" truecount="0" falsecount="4"/>
      <line num="89" count="0" type="stmt"/>
      <line num="90" count="0" type="cond" truecount="0" falsecount="4"/>
      <line num="91" count="0" type="stmt"/>
      <line num="92" count="0" type="cond" truecount="0" falsecount="4"/>
      <line num="93" count="0" type="stmt"/>
      <line num="94" count="0" type="cond" truecount="0" falsecount="4"/>
      <line num="95" count="0" type="stmt"/>
      <line num="96" count="0" type="cond" truecount="0" falsecount="4"/>
      <line num="97" count="0" type="stmt"/>
      <line num="98" count="0" type="cond" truecount="0" falsecount="2"/>
      <line num="99" count="0" type="stmt"/>
      <line num="100" count="0" type="cond" truecount="0" falsecount="2"/>
      <line num="101" count="0" type="stmt"/>
      <line num="104" count="0" type="cond" truecount="0" falsecount="2"/>
      <line num="106" count="0" type="stmt"/>
      <line num="107" count="0" type="stmt"/>
      <line num="110" count="0" type="stmt"/>
      <line num="111" count="0" type="cond" truecount="0" falsecount="2"/>
      <line num="112" count="0" type="stmt"/>
      <line num="114" count="0" type="stmt"/>
      <line num="120" count="3" type="cond" truecount="3" falsecount="1"/>
      <line num="121" count="3" type="stmt"/>
      <line num="122" count="3" type="stmt"/>
      <line num="123" count="3" type="stmt"/>
      <line num="126" count="3" type="cond" truecount="5" falsecount="0"/>
      <line num="127" count="2" type="stmt"/>
      <line num="128" count="2" type="stmt"/>
      <line num="129" count="2" type="stmt"/>
      <line num="130" count="2" type="cond" truecount="2" falsecount="0"/>
      <line num="131" count="1" type="stmt"/>
      <line num="132" count="1" type="stmt"/>
      <line num="133" count="1" type="stmt"/>
      <line num="136" count="0" type="stmt"/>
      <line num="137" count="0" type="stmt"/>
      <line num="141" count="1" type="stmt"/>
      <line num="148" count="3" type="cond" truecount="3" falsecount="1"/>
      <line num="149" count="3" type="stmt"/>
    </file>
  </project>
</coverage>
