{"/Users/rashwan2213/Weather/index.js": {"path":"/Users/rashwan2213/Weather/index.js","statementMap":{"0":{"start":{"line":2,"column":4},"end":{"line":19,"column":5}},"1":{"start":{"line":4,"column":12},"end":{"line":4,"column":25}},"2":{"start":{"line":6,"column":12},"end":{"line":6,"column":25}},"3":{"start":{"line":8,"column":12},"end":{"line":8,"column":25}},"4":{"start":{"line":10,"column":12},"end":{"line":10,"column":24}},"5":{"start":{"line":12,"column":12},"end":{"line":12,"column":25}},"6":{"start":{"line":14,"column":12},"end":{"line":14,"column":24}},"7":{"start":{"line":16,"column":12},"end":{"line":16,"column":24}},"8":{"start":{"line":18,"column":12},"end":{"line":18,"column":23}},"9":{"start":{"line":23,"column":19},"end":{"line":23,"column":53}},"10":{"start":{"line":24,"column":19},"end":{"line":24,"column":94}},"11":{"start":{"line":25,"column":21},"end":{"line":25,"column":40}},"12":{"start":{"line":26,"column":4},"end":{"line":28,"column":5}},"13":{"start":{"line":27,"column":8},"end":{"line":27,"column":56}},"14":{"start":{"line":29,"column":4},"end":{"line":29,"column":27}},"15":{"start":{"line":33,"column":4},"end":{"line":33,"column":22}},"16":{"start":{"line":33,"column":15},"end":{"line":33,"column":22}},"17":{"start":{"line":34,"column":25},"end":{"line":34,"column":52}},"18":{"start":{"line":35,"column":4},"end":{"line":35,"column":39}},"19":{"start":{"line":36,"column":4},"end":{"line":36,"column":47}},"20":{"start":{"line":37,"column":4},"end":{"line":37,"column":26}},"21":{"start":{"line":38,"column":4},"end":{"line":38,"column":32}},"22":{"start":{"line":39,"column":4},"end":{"line":39,"column":35}},"23":{"start":{"line":43,"column":4},"end":{"line":46,"column":5}},"24":{"start":{"line":44,"column":8},"end":{"line":44,"column":40}},"25":{"start":{"line":44,"column":18},"end":{"line":44,"column":40}},"26":{"start":{"line":45,"column":8},"end":{"line":45,"column":15}},"27":{"start":{"line":47,"column":4},"end":{"line":47,"column":26}},"28":{"start":{"line":48,"column":4},"end":{"line":48,"column":32}},"29":{"start":{"line":49,"column":24},"end":{"line":49,"column":52}},"30":{"start":{"line":50,"column":4},"end":{"line":50,"column":40}},"31":{"start":{"line":51,"column":4},"end":{"line":51,"column":45}},"32":{"start":{"line":52,"column":4},"end":{"line":52,"column":34}},"33":{"start":{"line":54,"column":24},"end":{"line":54,"column":51}},"34":{"start":{"line":55,"column":4},"end":{"line":55,"column":87}},"35":{"start":{"line":56,"column":4},"end":{"line":56,"column":45}},"36":{"start":{"line":57,"column":4},"end":{"line":57,"column":34}},"37":{"start":{"line":59,"column":4},"end":{"line":64,"column":5}},"38":{"start":{"line":60,"column":32},"end":{"line":60,"column":59}},"39":{"start":{"line":61,"column":8},"end":{"line":61,"column":73}},"40":{"start":{"line":62,"column":8},"end":{"line":62,"column":57}},"41":{"start":{"line":63,"column":8},"end":{"line":63,"column":42}},"42":{"start":{"line":66,"column":4},"end":{"line":75,"column":5}},"43":{"start":{"line":67,"column":28},"end":{"line":67,"column":55}},"44":{"start":{"line":68,"column":8},"end":{"line":68,"column":80}},"45":{"start":{"line":69,"column":8},"end":{"line":69,"column":49}},"46":{"start":{"line":70,"column":8},"end":{"line":70,"column":38}},"47":{"start":{"line":72,"column":36},"end":{"line":72,"column":63}},"48":{"start":{"line":73,"column":8},"end":{"line":73,"column":78}},"49":{"start":{"line":74,"column":8},"end":{"line":74,"column":46}},"50":{"start":{"line":77,"column":4},"end":{"line":79,"column":5}},"51":{"start":{"line":78,"column":4},"end":{"line":78,"column":41}},"52":{"start":{"line":83,"column":20},"end":{"line":83,"column":54}},"53":{"start":{"line":84,"column":21},"end":{"line":84,"column":56}},"54":{"start":{"line":85,"column":4},"end":{"line":85,"column":38}},"55":{"start":{"line":85,"column":31},"end":{"line":85,"column":38}},"56":{"start":{"line":86,"column":20},"end":{"line":86,"column":43}},"57":{"start":{"line":88,"column":4},"end":{"line":102,"column":5}},"58":{"start":{"line":89,"column":8},"end":{"line":89,"column":46}},"59":{"start":{"line":90,"column":11},"end":{"line":102,"column":5}},"60":{"start":{"line":91,"column":8},"end":{"line":91,"column":41}},"61":{"start":{"line":92,"column":11},"end":{"line":102,"column":5}},"62":{"start":{"line":93,"column":8},"end":{"line":93,"column":38}},"63":{"start":{"line":94,"column":11},"end":{"line":102,"column":5}},"64":{"start":{"line":95,"column":8},"end":{"line":95,"column":38}},"65":{"start":{"line":96,"column":11},"end":{"line":102,"column":5}},"66":{"start":{"line":97,"column":8},"end":{"line":97,"column":37}},"67":{"start":{"line":98,"column":11},"end":{"line":102,"column":5}},"68":{"start":{"line":99,"column":8},"end":{"line":99,"column":39}},"69":{"start":{"line":100,"column":11},"end":{"line":102,"column":5}},"70":{"start":{"line":101,"column":8},"end":{"line":101,"column":40}},"71":{"start":{"line":104,"column":4},"end":{"line":104,"column":49}},"72":{"start":{"line":104,"column":42},"end":{"line":104,"column":49}},"73":{"start":{"line":106,"column":4},"end":{"line":106,"column":29}},"74":{"start":{"line":107,"column":4},"end":{"line":107,"column":19}},"75":{"start":{"line":110,"column":24},"end":{"line":110,"column":38}},"76":{"start":{"line":111,"column":4},"end":{"line":116,"column":5}},"77":{"start":{"line":112,"column":8},"end":{"line":115,"column":11}},"78":{"start":{"line":114,"column":12},"end":{"line":114,"column":60}},"79":{"start":{"line":120,"column":0},"end":{"line":145,"column":1}},"80":{"start":{"line":121,"column":24},"end":{"line":121,"column":62}},"81":{"start":{"line":122,"column":22},"end":{"line":122,"column":58}},"82":{"start":{"line":123,"column":17},"end":{"line":123,"column":48}},"83":{"start":{"line":126,"column":4},"end":{"line":144,"column":5}},"84":{"start":{"line":127,"column":8},"end":{"line":143,"column":11}},"85":{"start":{"line":128,"column":12},"end":{"line":128,"column":35}},"86":{"start":{"line":129,"column":25},"end":{"line":129,"column":40}},"87":{"start":{"line":130,"column":12},"end":{"line":142,"column":13}},"88":{"start":{"line":131,"column":16},"end":{"line":138,"column":17}},"89":{"start":{"line":132,"column":40},"end":{"line":132,"column":66}},"90":{"start":{"line":133,"column":20},"end":{"line":133,"column":58}},"91":{"start":{"line":136,"column":20},"end":{"line":136,"column":41}},"92":{"start":{"line":137,"column":20},"end":{"line":137,"column":54}},"93":{"start":{"line":141,"column":16},"end":{"line":141,"column":64}},"94":{"start":{"line":148,"column":0},"end":{"line":150,"column":1}},"95":{"start":{"line":149,"column":4},"end":{"line":149,"column":91}}},"fnMap":{"0":{"name":"getWeatherEmoji","decl":{"start":{"line":1,"column":9},"end":{"line":1,"column":24}},"loc":{"start":{"line":1,"column":36},"end":{"line":20,"column":1}},"line":1},"1":{"name":"getWeatherData","decl":{"start":{"line":22,"column":15},"end":{"line":22,"column":29}},"loc":{"start":{"line":22,"column":36},"end":{"line":30,"column":1}},"line":22},"2":{"name":"displayError","decl":{"start":{"line":32,"column":9},"end":{"line":32,"column":21}},"loc":{"start":{"line":32,"column":37},"end":{"line":40,"column":1}},"line":32},"3":{"name":"displayWeatherInfo","decl":{"start":{"line":42,"column":9},"end":{"line":42,"column":27}},"loc":{"start":{"line":42,"column":40},"end":{"line":80,"column":1}},"line":42},"4":{"name":"showWeatherVideo","decl":{"start":{"line":82,"column":9},"end":{"line":82,"column":25}},"loc":{"start":{"line":82,"column":37},"end":{"line":117,"column":1}},"line":82},"5":{"name":"(anonymous_5)","decl":{"start":{"line":112,"column":26},"end":{"line":112,"column":27}},"loc":{"start":{"line":112,"column":35},"end":{"line":115,"column":9}},"line":112},"6":{"name":"(anonymous_6)","decl":{"start":{"line":127,"column":47},"end":{"line":127,"column":48}},"loc":{"start":{"line":127,"column":62},"end":{"line":143,"column":9}},"line":127}},"branchMap":{"0":{"loc":{"start":{"line":2,"column":4},"end":{"line":19,"column":5}},"type":"switch","locations":[{"start":{"line":3,"column":8},"end":{"line":4,"column":25}},{"start":{"line":5,"column":8},"end":{"line":6,"column":25}},{"start":{"line":7,"column":8},"end":{"line":8,"column":25}},{"start":{"line":9,"column":8},"end":{"line":10,"column":24}},{"start":{"line":11,"column":8},"end":{"line":12,"column":25}},{"start":{"line":13,"column":8},"end":{"line":14,"column":24}},{"start":{"line":15,"column":8},"end":{"line":16,"column":24}},{"start":{"line":17,"column":8},"end":{"line":18,"column":23}}],"line":2},"1":{"loc":{"start":{"line":3,"column":13},"end":{"line":3,"column":48}},"type":"binary-expr","locations":[{"start":{"line":3,"column":13},"end":{"line":3,"column":29}},{"start":{"line":3,"column":33},"end":{"line":3,"column":48}}],"line":3},"2":{"loc":{"start":{"line":5,"column":13},"end":{"line":5,"column":48}},"type":"binary-expr","locations":[{"start":{"line":5,"column":13},"end":{"line":5,"column":29}},{"start":{"line":5,"column":33},"end":{"line":5,"column":48}}],"line":5},"3":{"loc":{"start":{"line":7,"column":13},"end":{"line":7,"column":48}},"type":"binary-expr","locations":[{"start":{"line":7,"column":13},"end":{"line":7,"column":29}},{"start":{"line":7,"column":33},"end":{"line":7,"column":48}}],"line":7},"4":{"loc":{"start":{"line":9,"column":13},"end":{"line":9,"column":48}},"type":"binary-expr","locations":[{"start":{"line":9,"column":13},"end":{"line":9,"column":29}},{"start":{"line":9,"column":33},"end":{"line":9,"column":48}}],"line":9},"5":{"loc":{"start":{"line":11,"column":13},"end":{"line":11,"column":48}},"type":"binary-expr","locations":[{"start":{"line":11,"column":13},"end":{"line":11,"column":29}},{"start":{"line":11,"column":33},"end":{"line":11,"column":48}}],"line":11},"6":{"loc":{"start":{"line":15,"column":13},"end":{"line":15,"column":48}},"type":"binary-expr","locations":[{"start":{"line":15,"column":13},"end":{"line":15,"column":29}},{"start":{"line":15,"column":33},"end":{"line":15,"column":48}}],"line":15},"7":{"loc":{"start":{"line":26,"column":4},"end":{"line":28,"column":5}},"type":"if","locations":[{"start":{"line":26,"column":4},"end":{"line":28,"column":5}},{"start":{},"end":{}}],"line":26},"8":{"loc":{"start":{"line":33,"column":4},"end":{"line":33,"column":22}},"type":"if","locations":[{"start":{"line":33,"column":4},"end":{"line":33,"column":22}},{"start":{},"end":{}}],"line":33},"9":{"loc":{"start":{"line":43,"column":4},"end":{"line":46,"column":5}},"type":"if","locations":[{"start":{"line":43,"column":4},"end":{"line":46,"column":5}},{"start":{},"end":{}}],"line":43},"10":{"loc":{"start":{"line":43,"column":8},"end":{"line":43,"column":69}},"type":"binary-expr","locations":[{"start":{"line":43,"column":8},"end":{"line":43,"column":13}},{"start":{"line":43,"column":17},"end":{"line":43,"column":22}},{"start":{"line":43,"column":26},"end":{"line":43,"column":36}},{"start":{"line":43,"column":40},"end":{"line":43,"column":50}},{"start":{"line":43,"column":54},"end":{"line":43,"column":69}}],"line":43},"11":{"loc":{"start":{"line":44,"column":8},"end":{"line":44,"column":40}},"type":"if","locations":[{"start":{"line":44,"column":8},"end":{"line":44,"column":40}},{"start":{},"end":{}}],"line":44},"12":{"loc":{"start":{"line":59,"column":4},"end":{"line":64,"column":5}},"type":"if","locations":[{"start":{"line":59,"column":4},"end":{"line":64,"column":5}},{"start":{},"end":{}}],"line":59},"13":{"loc":{"start":{"line":66,"column":4},"end":{"line":75,"column":5}},"type":"if","locations":[{"start":{"line":66,"column":4},"end":{"line":75,"column":5}},{"start":{},"end":{}}],"line":66},"14":{"loc":{"start":{"line":66,"column":8},"end":{"line":66,"column":62}},"type":"binary-expr","locations":[{"start":{"line":66,"column":8},"end":{"line":66,"column":35}},{"start":{"line":66,"column":39},"end":{"line":66,"column":62}}],"line":66},"15":{"loc":{"start":{"line":77,"column":4},"end":{"line":79,"column":5}},"type":"if","locations":[{"start":{"line":77,"column":4},"end":{"line":79,"column":5}},{"start":{},"end":{}}],"line":77},"16":{"loc":{"start":{"line":77,"column":8},"end":{"line":77,"column":62}},"type":"binary-expr","locations":[{"start":{"line":77,"column":8},"end":{"line":77,"column":35}},{"start":{"line":77,"column":39},"end":{"line":77,"column":62}}],"line":77},"17":{"loc":{"start":{"line":85,"column":4},"end":{"line":85,"column":38}},"type":"if","locations":[{"start":{"line":85,"column":4},"end":{"line":85,"column":38}},{"start":{},"end":{}}],"line":85},"18":{"loc":{"start":{"line":85,"column":8},"end":{"line":85,"column":29}},"type":"binary-expr","locations":[{"start":{"line":85,"column":8},"end":{"line":85,"column":16}},{"start":{"line":85,"column":20},"end":{"line":85,"column":29}}],"line":85},"19":{"loc":{"start":{"line":88,"column":4},"end":{"line":102,"column":5}},"type":"if","locations":[{"start":{"line":88,"column":4},"end":{"line":102,"column":5}},{"start":{"line":90,"column":11},"end":{"line":102,"column":5}}],"line":88},"20":{"loc":{"start":{"line":88,"column":8},"end":{"line":88,"column":43}},"type":"binary-expr","locations":[{"start":{"line":88,"column":8},"end":{"line":88,"column":24}},{"start":{"line":88,"column":28},"end":{"line":88,"column":43}}],"line":88},"21":{"loc":{"start":{"line":90,"column":11},"end":{"line":102,"column":5}},"type":"if","locations":[{"start":{"line":90,"column":11},"end":{"line":102,"column":5}},{"start":{"line":92,"column":11},"end":{"line":102,"column":5}}],"line":90},"22":{"loc":{"start":{"line":90,"column":15},"end":{"line":90,"column":50}},"type":"binary-expr","locations":[{"start":{"line":90,"column":15},"end":{"line":90,"column":31}},{"start":{"line":90,"column":35},"end":{"line":90,"column":50}}],"line":90},"23":{"loc":{"start":{"line":92,"column":11},"end":{"line":102,"column":5}},"type":"if","locations":[{"start":{"line":92,"column":11},"end":{"line":102,"column":5}},{"start":{"line":94,"column":11},"end":{"line":102,"column":5}}],"line":92},"24":{"loc":{"start":{"line":92,"column":15},"end":{"line":92,"column":50}},"type":"binary-expr","locations":[{"start":{"line":92,"column":15},"end":{"line":92,"column":31}},{"start":{"line":92,"column":35},"end":{"line":92,"column":50}}],"line":92},"25":{"loc":{"start":{"line":94,"column":11},"end":{"line":102,"column":5}},"type":"if","locations":[{"start":{"line":94,"column":11},"end":{"line":102,"column":5}},{"start":{"line":96,"column":11},"end":{"line":102,"column":5}}],"line":94},"26":{"loc":{"start":{"line":94,"column":15},"end":{"line":94,"column":50}},"type":"binary-expr","locations":[{"start":{"line":94,"column":15},"end":{"line":94,"column":31}},{"start":{"line":94,"column":35},"end":{"line":94,"column":50}}],"line":94},"27":{"loc":{"start":{"line":96,"column":11},"end":{"line":102,"column":5}},"type":"if","locations":[{"start":{"line":96,"column":11},"end":{"line":102,"column":5}},{"start":{"line":98,"column":11},"end":{"line":102,"column":5}}],"line":96},"28":{"loc":{"start":{"line":96,"column":15},"end":{"line":96,"column":50}},"type":"binary-expr","locations":[{"start":{"line":96,"column":15},"end":{"line":96,"column":31}},{"start":{"line":96,"column":35},"end":{"line":96,"column":50}}],"line":96},"29":{"loc":{"start":{"line":98,"column":11},"end":{"line":102,"column":5}},"type":"if","locations":[{"start":{"line":98,"column":11},"end":{"line":102,"column":5}},{"start":{"line":100,"column":11},"end":{"line":102,"column":5}}],"line":98},"30":{"loc":{"start":{"line":100,"column":11},"end":{"line":102,"column":5}},"type":"if","locations":[{"start":{"line":100,"column":11},"end":{"line":102,"column":5}},{"start":{},"end":{}}],"line":100},"31":{"loc":{"start":{"line":104,"column":4},"end":{"line":104,"column":49}},"type":"if","locations":[{"start":{"line":104,"column":4},"end":{"line":104,"column":49}},{"start":{},"end":{}}],"line":104},"32":{"loc":{"start":{"line":111,"column":4},"end":{"line":116,"column":5}},"type":"if","locations":[{"start":{"line":111,"column":4},"end":{"line":116,"column":5}},{"start":{},"end":{}}],"line":111},"33":{"loc":{"start":{"line":120,"column":0},"end":{"line":145,"column":1}},"type":"if","locations":[{"start":{"line":120,"column":0},"end":{"line":145,"column":1}},{"start":{},"end":{}}],"line":120},"34":{"loc":{"start":{"line":120,"column":4},"end":{"line":120,"column":68}},"type":"binary-expr","locations":[{"start":{"line":120,"column":4},"end":{"line":120,"column":33}},{"start":{"line":120,"column":37},"end":{"line":120,"column":68}}],"line":120},"35":{"loc":{"start":{"line":126,"column":4},"end":{"line":144,"column":5}},"type":"if","locations":[{"start":{"line":126,"column":4},"end":{"line":144,"column":5}},{"start":{},"end":{}}],"line":126},"36":{"loc":{"start":{"line":126,"column":8},"end":{"line":126,"column":40}},"type":"binary-expr","locations":[{"start":{"line":126,"column":8},"end":{"line":126,"column":19}},{"start":{"line":126,"column":23},"end":{"line":126,"column":32}},{"start":{"line":126,"column":36},"end":{"line":126,"column":40}}],"line":126},"37":{"loc":{"start":{"line":130,"column":12},"end":{"line":142,"column":13}},"type":"if","locations":[{"start":{"line":130,"column":12},"end":{"line":142,"column":13}},{"start":{"line":140,"column":16},"end":{"line":142,"column":13}}],"line":130},"38":{"loc":{"start":{"line":148,"column":0},"end":{"line":150,"column":1}},"type":"if","locations":[{"start":{"line":148,"column":0},"end":{"line":150,"column":1}},{"start":{},"end":{}}],"line":148},"39":{"loc":{"start":{"line":148,"column":4},"end":{"line":148,"column":74}},"type":"binary-expr","locations":[{"start":{"line":148,"column":4},"end":{"line":148,"column":33}},{"start":{"line":148,"column":37},"end":{"line":148,"column":74}}],"line":148}},"s":{"0":14,"1":2,"2":1,"3":1,"4":1,"5":1,"6":3,"7":1,"8":4,"9":4,"10":4,"11":4,"12":3,"13":1,"14":2,"15":4,"16":0,"17":4,"18":4,"19":4,"20":4,"21":4,"22":4,"23":7,"24":3,"25":2,"26":3,"27":4,"28":4,"29":4,"30":4,"31":4,"32":4,"33":4,"34":4,"35":4,"36":4,"37":4,"38":3,"39":3,"40":3,"41":3,"42":4,"43":3,"44":3,"45":3,"46":3,"47":3,"48":3,"49":3,"50":4,"51":3,"52":3,"53":3,"54":3,"55":3,"56":0,"57":0,"58":0,"59":0,"60":0,"61":0,"62":0,"63":0,"64":0,"65":0,"66":0,"67":0,"68":0,"69":0,"70":0,"71":0,"72":0,"73":0,"74":0,"75":0,"76":0,"77":0,"78":0,"79":3,"80":3,"81":3,"82":3,"83":3,"84":2,"85":2,"86":2,"87":2,"88":1,"89":1,"90":1,"91":0,"92":0,"93":1,"94":3,"95":3},"f":{"0":14,"1":4,"2":4,"3":7,"4":3,"5":0,"6":2},"b":{"0":[2,1,1,1,1,3,1,4],"1":[14,11],"2":[12,9],"3":[11,8],"4":[10,7],"5":[9,6],"6":[5,2],"7":[1,2],"8":[0,4],"9":[3,4],"10":[7,6,5,4,4],"11":[2,1],"12":[3,1],"13":[3,1],"14":[4,4],"15":[3,1],"16":[4,4],"17":[3,0],"18":[3,0],"19":[0,0],"20":[0,0],"21":[0,0],"22":[0,0],"23":[0,0],"24":[0,0],"25":[0,0],"26":[0,0],"27":[0,0],"28":[0,0],"29":[0,0],"30":[0,0],"31":[0,0],"32":[0,0],"33":[3,0],"34":[3,3],"35":[2,1],"36":[3,2,2],"37":[1,1],"38":[3,0],"39":[3,3]},"_coverageSchema":"1a1c01bbd47fc00a2c39e90264f33305004495a9","hash":"16acc3ff30228a97bf7944296f49b2c4eeb7fba3"}
}
