TN:
SF:index.js
FN:1,getWeatherEmoji
FN:22,getWeatherData
FN:32,displayError
FN:42,displayWeatherInfo
FN:82,showWeatherVideo
FN:119,(anonymous_5)
FNF:6
FNH:6
FNDA:14,getWeatherEmoji
FNDA:4,getWeatherData
FNDA:4,displayError
FNDA:7,displayWeatherInfo
FNDA:3,showWeatherVideo
FNDA:2,(anonymous_5)
DA:2,14
DA:4,2
DA:6,1
DA:8,1
DA:10,1
DA:12,1
DA:14,3
DA:16,1
DA:18,4
DA:23,4
DA:24,4
DA:25,4
DA:26,3
DA:27,1
DA:29,2
DA:33,4
DA:34,4
DA:35,4
DA:36,4
DA:37,4
DA:38,4
DA:39,4
DA:43,7
DA:44,3
DA:45,3
DA:47,4
DA:48,4
DA:49,4
DA:50,4
DA:51,4
DA:52,4
DA:54,4
DA:55,4
DA:56,4
DA:57,4
DA:59,4
DA:60,3
DA:61,3
DA:62,3
DA:63,3
DA:66,4
DA:67,3
DA:68,3
DA:69,3
DA:70,3
DA:72,3
DA:73,3
DA:74,3
DA:77,4
DA:78,3
DA:83,3
DA:84,3
DA:85,3
DA:86,0
DA:88,0
DA:89,0
DA:90,0
DA:91,0
DA:92,0
DA:93,0
DA:94,0
DA:95,0
DA:96,0
DA:97,0
DA:98,0
DA:99,0
DA:100,0
DA:101,0
DA:104,0
DA:106,0
DA:107,0
DA:108,0
DA:112,3
DA:113,3
DA:114,3
DA:115,3
DA:118,3
DA:119,2
DA:120,2
DA:121,2
DA:122,2
DA:123,1
DA:124,1
DA:125,1
DA:128,0
DA:129,0
DA:133,1
DA:140,3
DA:141,3
LF:89
LH:68
BRDA:2,0,0,2
BRDA:2,0,1,1
BRDA:2,0,2,1
BRDA:2,0,3,1
BRDA:2,0,4,1
BRDA:2,0,5,3
BRDA:2,0,6,1
BRDA:2,0,7,4
BRDA:3,1,0,14
BRDA:3,1,1,11
BRDA:5,2,0,12
BRDA:5,2,1,9
BRDA:7,3,0,11
BRDA:7,3,1,8
BRDA:9,4,0,10
BRDA:9,4,1,7
BRDA:11,5,0,9
BRDA:11,5,1,6
BRDA:15,6,0,5
BRDA:15,6,1,2
BRDA:26,7,0,1
BRDA:26,7,1,2
BRDA:33,8,0,0
BRDA:33,8,1,4
BRDA:43,9,0,3
BRDA:43,9,1,4
BRDA:43,10,0,7
BRDA:43,10,1,6
BRDA:43,10,2,5
BRDA:43,10,3,4
BRDA:43,10,4,4
BRDA:44,11,0,2
BRDA:44,11,1,1
BRDA:59,12,0,3
BRDA:59,12,1,1
BRDA:66,13,0,3
BRDA:66,13,1,1
BRDA:66,14,0,4
BRDA:66,14,1,4
BRDA:77,15,0,3
BRDA:77,15,1,1
BRDA:77,16,0,4
BRDA:77,16,1,4
BRDA:85,17,0,3
BRDA:85,17,1,0
BRDA:85,18,0,3
BRDA:85,18,1,0
BRDA:88,19,0,0
BRDA:88,19,1,0
BRDA:88,20,0,0
BRDA:88,20,1,0
BRDA:90,21,0,0
BRDA:90,21,1,0
BRDA:90,22,0,0
BRDA:90,22,1,0
BRDA:92,23,0,0
BRDA:92,23,1,0
BRDA:92,24,0,0
BRDA:92,24,1,0
BRDA:94,25,0,0
BRDA:94,25,1,0
BRDA:94,26,0,0
BRDA:94,26,1,0
BRDA:96,27,0,0
BRDA:96,27,1,0
BRDA:96,28,0,0
BRDA:96,28,1,0
BRDA:98,29,0,0
BRDA:98,29,1,0
BRDA:100,30,0,0
BRDA:100,30,1,0
BRDA:104,31,0,0
BRDA:104,31,1,0
BRDA:112,32,0,3
BRDA:112,32,1,0
BRDA:112,33,0,3
BRDA:112,33,1,3
BRDA:118,34,0,2
BRDA:118,34,1,1
BRDA:118,35,0,3
BRDA:118,35,1,2
BRDA:118,35,2,2
BRDA:122,36,0,1
BRDA:122,36,1,1
BRDA:140,37,0,3
BRDA:140,37,1,0
BRDA:140,38,0,3
BRDA:140,38,1,3
BRF:88
BRH:57
end_of_record
